<?xml version="1.0" encoding="UTF-8"?>
<!-- Generated by org.testng.reporters.JUnitReportReporter -->
<testsuite skipped="0" hostname="SCS-R02" name="com.crm.qa.testcases.DealsPageTest" tests="2" failures="0" timestamp="24 Jan 2019 11:26:12 GMT" time="48.891" errors="0">
  <testcase name="validatecreateNewDeal" time="26.409" classname="com.crm.qa.testcases.DealsPageTest"/>
  <testcase name="validatecreateNewDeal" time="22.482" classname="com.crm.qa.testcases.DealsPageTest"/>
</testsuite> <!-- com.crm.qa.testcases.DealsPageTest -->
